#
# There is insufficient memory for the Java Runtime Environment to continue.
# Native memory allocation (malloc) failed to allocate 8192 bytes for AllocateHeap
# Possible reasons:
#   The system is out of physical RAM or swap space
#   In 32 bit mode, the process size limit was hit
# Possible solutions:
#   Reduce memory load on the system
#   Increase physical memory or swap space
#   Check if swap backing store is full
#   Use 64 bit Java on a 64 bit OS
#   Decrease Java heap size (-Xmx/-Xms)
#   Decrease number of Java threads
#   Decrease Java thread stack sizes (-Xss)
#   Set larger code cache with -XX:ReservedCodeCacheSize=
# This output file may be truncated or incomplete.
#
#  Out of Memory Error (memory/allocation.inline.hpp:61), pid=8276, tid=14384
#
# JRE version:  (7.0_79-b15) (build )
# Java VM: Java HotSpot(TM) 64-Bit Server VM (24.79-b02 mixed mode windows-amd64 compressed oops)
# Failed to write core dump. Minidumps are not enabled by default on client versions of Windows
#

---------------  T H R E A D  ---------------

Current thread (0x00000000022ff000):  JavaThread "main" [_thread_in_vm, id=14384, stack(0x0000000002500000,0x0000000002600000)]

Stack: [0x0000000002500000,0x0000000002600000]
[error occurred during error reporting (printing stack bounds), id 0xc0000005]


[error occurred during error reporting (printing native stack), id 0xc0000005]

Java frames: (J=compiled Java code, j=interpreted, Vv=VM code)
j  java.lang.ClassLoader.<clinit>()V+10
v  ~StubRoutines::call_stub
j  java.security.AccessController.doPrivileged(Ljava/security/PrivilegedAction;)Ljava/lang/Object;+0
j  java.lang.reflect.AccessibleObject.<clinit>()V+19
v  ~StubRoutines::call_stub

---------------  P R O C E S S  ---------------

Java Threads: ( => current thread )
=>0x00000000022ff000 JavaThread "main" [_thread_in_vm, id=14384, stack(0x0000000002500000,0x0000000002600000)]

Other Threads:
  0x0000000009d23800 VMThread [stack: 0x000000000ae30000,0x000000000af30000] [id=12184]

VM state:not at safepoint (normal execution)

VM Mutex/Monitor currently owned by a thread:  ([mutex/lock_event])
[0x00000000022fd1b0] SymbolTable_lock - owner thread: 0x00000000022ff000

Heap
 PSYoungGen      total 19456K, used 338K [0x00000000eaa80000, 0x00000000ec000000, 0x0000000100000000)
  eden space 16896K, 2% used [0x00000000eaa80000,0x00000000eaad4800,0x00000000ebb00000)
  from space 2560K, 0% used [0x00000000ebd80000,0x00000000ebd80000,0x00000000ec000000)
  to   space 2560K, 0% used [0x00000000ebb00000,0x00000000ebb00000,0x00000000ebd80000)
 ParOldGen       total 43520K, used 0K [0x00000000c0000000, 0x00000000c2a80000, 0x00000000eaa80000)
  object space 43520K, 0% used [0x00000000c0000000,0x00000000c0000000,0x00000000c2a80000)
 PSPermGen       total 21504K, used 759K [0x00000000bae00000, 0x00000000bc300000, 0x00000000c0000000)
  object space 21504K, 3% used [0x00000000bae00000,0x00000000baebde78,0x00000000bc300000)

Card table byte_map: [0x0000000005600000,0x0000000005830000] byte_map_base: 0x0000000005029000

Polling page: 0x0000000000140000

Code Cache  [0x0000000002600000, 0x0000000002870000, 0x0000000005600000)
 total_blobs=61 nmethods=0 adapters=38 free_code_cache=48825Kb largest_free_block=49997312

Compilation events (0 events):
No events

GC Heap History (0 events):
No events

Deoptimization events (0 events):
No events

Internal exceptions (0 events):
No events

Events (10 events):
Event: 0.237 loading class 0x0000000008ad97c0 done
Event: 0.237 loading class 0x0000000008ae56f0
Event: 0.237 loading class 0x0000000008ae56f0 done
Event: 0.237 loading class 0x0000000008ad9d50
Event: 0.237 loading class 0x0000000008af6c30
Event: 0.237 loading class 0x0000000008af6c30 done
Event: 0.237 loading class 0x0000000008ad9d50 done
Event: 0.237 loading class 0x0000000008add440
Event: 0.238 loading class 0x0000000008add440 done
Event: 0.238 loading class 0x0000000008ad0970


Dynamic libraries:
0x000000013fb50000 - 0x000000013fb83000 	C:\Program Files\Java\jdk1.7.0_79\bin\java.exe
0x0000000076f90000 - 0x0000000077139000 	C:\Windows\SYSTEM32\ntdll.dll
0x0000000076d70000 - 0x0000000076e8f000 	C:\Windows\system32\kernel32.dll
0x000007fefd0f0000 - 0x000007fefd15c000 	C:\Windows\system32\KERNELBASE.dll
0x000007fefd280000 - 0x000007fefd35b000 	C:\Windows\system32\ADVAPI32.dll
0x000007fefe670000 - 0x000007fefe70f000 	C:\Windows\system32\msvcrt.dll
0x000007fefe650000 - 0x000007fefe66f000 	C:\Windows\SYSTEM32\sechost.dll
0x000007fefee10000 - 0x000007fefef3d000 	C:\Windows\system32\RPCRT4.dll
0x0000000076e90000 - 0x0000000076f8a000 	C:\Windows\system32\USER32.dll
0x000007fefe5e0000 - 0x000007fefe647000 	C:\Windows\system32\GDI32.dll
0x000007fefeab0000 - 0x000007fefeabe000 	C:\Windows\system32\LPK.dll
0x000007fefe0f0000 - 0x000007fefe1b9000 	C:\Windows\system32\USP10.dll
0x000007fefb330000 - 0x000007fefb524000 	C:\Windows\WinSxS\amd64_microsoft.windows.common-controls_6595b64144ccf1df_6.0.7601.17514_none_fa396087175ac9ac\COMCTL32.dll
0x000007fefe790000 - 0x000007fefe801000 	C:\Windows\system32\SHLWAPI.dll
0x000007fefd170000 - 0x000007fefd19e000 	C:\Windows\system32\IMM32.DLL
0x000007fefeac0000 - 0x000007fefebc9000 	C:\Windows\system32\MSCTF.dll
0x0000000066130000 - 0x0000000066202000 	C:\Program Files\Java\jdk1.7.0_79\jre\bin\msvcr100.dll
0x0000000077820000 - 0x0000000077ff5000 	C:\Program Files\Java\jdk1.7.0_79\jre\bin\server\jvm.dll
0x000007fef39f0000 - 0x000007fef39f9000 	C:\Windows\system32\WSOCK32.dll
0x000007fefe380000 - 0x000007fefe3cd000 	C:\Windows\system32\WS2_32.dll
0x000007feff290000 - 0x000007feff298000 	C:\Windows\system32\NSI.dll
0x000007fefb230000 - 0x000007fefb26b000 	C:\Windows\system32\WINMM.dll
0x0000000077150000 - 0x0000000077157000 	C:\Windows\system32\PSAPI.DLL
0x000000006c680000 - 0x000000006c68f000 	C:\Program Files\Java\jdk1.7.0_79\jre\bin\verify.dll
0x000000006abd0000 - 0x000000006abf8000 	C:\Program Files\Java\jdk1.7.0_79\jre\bin\java.dll
0x000000006ac10000 - 0x000000006ac25000 	C:\Program Files\Java\jdk1.7.0_79\jre\bin\zip.dll

VM Arguments:
jvm_args: -Xmx1024M -Dfile.encoding=windows-1256 -Duser.country=US -Duser.language=en -Duser.variant 
java_command: com.android.dx.command.Main --dex --verbose --num-threads=4 --output C:\Users\turki\AndroidStudioProjects\DevDash\app\build\intermediates\pre-dexed\release\classes-f31dbc64689c7ebb82ae25d88d9a80bfdf11ad73.jar C:\Users\turki\AndroidStudioProjects\DevDash\app\build\intermediates\exploded-aar\com.android.support\support-v4\22.2.1\jars\classes.jar
Launcher Type: SUN_STANDARD

Environment Variables:
JAVA_HOME=C:\Program Files\Java\jdk1.7.0_79
CLASSPATH=.;C:\Program Files (x86)\Java\jre6\lib\ext\QTJava.zip;C:\cygwin\home\pinot\pinot\lib\rt.jar
PATH=C:\ProgramData\Oracle\Java\javapath;c:\Rtools\bin;c:\Rtools\gcc-4.6.3\bin;C:\Program Files (x86)\NVIDIA Corporation\PhysX\Common;C:\Program Files\Java\jdk1.7.0_79\bin;C:\Program Files (x86)\Git\git-cheetah\..\bin;C:\Program Files (x86)\nodejs\;C:\Program Files (x86)\nodejs\\bin;C:\Program Files\Java\jre7\bin;C:\Program Files (x86)\MiKTeX 2.9\miktex\bin\;C:\Program Files\Google\Cloud SDK\google-cloud-sdk\bin;C:\Program Files (x86)\Openport;C:\wamp\bin\php\php5.4.36;C:\ProgramData\ComposerSetup\bin;C:\HashiCorp\Vagrant\bin;C:\Users\turki\AppData\Roaming\Composer\vendor\bin;C:\android-sdk-win\platform-tools;.Path;C:\Python27;C:\Users\turki\AppData\Roaming\npm;C:\Program Files (x86)\swipl\bin
USERNAME=turki
OS=Windows_NT
PROCESSOR_IDENTIFIER=Intel64 Family 6 Model 30 Stepping 5, GenuineIntel



---------------  S Y S T E M  ---------------

OS: Windows 7 , 64 bit Build 7601 Service Pack 1

CPU:total 8 (4 cores per cpu, 2 threads per core) family 6 model 30 stepping 5, cmov, cx8, fxsr, mmx, sse, sse2, sse3, ssse3, sse4.1, sse4.2, popcnt, ht, tsc, tscinvbit

Memory: 4k page, physical 4184952k(379460k free), swap 13634680k(8140k free)

vm_info: Java HotSpot(TM) 64-Bit Server VM (24.79-b02) for windows-amd64 JRE (1.7.0_79-b15), built on Apr 10 2015 12:36:16 by "java_re" with unknown MS VC++:1600

time: Thu Oct 29 20:17:31 2015
elapsed time: 1 seconds

